<?xml version="1.0" encoding="utf-8"?><testsuites name="pytest tests"><testsuite name="pytest" errors="0" failures="0" skipped="0" tests="15" time="4.187" timestamp="2026-05-14T15:22:35.079788+00:00" hostname="agent-env-a59877a1-021f-4ba4-87e1-8108a88908c0"><testcase classname="backend.tests.test_iter2_blocks.TestPublicPagesBlocks" name="test_home_page_blocks" time="0.460" /><testcase classname="backend.tests.test_iter2_blocks.TestPublicPagesBlocks" name="test_diventa_arbitro_page_blocks" time="0.071" /><testcase classname="backend.tests.test_iter2_blocks.TestPublicPagesBlocks" name="test_testimonials_seeded" time="0.076" /><testcase classname="backend.tests.test_iter2_blocks.TestPublicPagesBlocks" name="test_documents_seeded" time="0.067" /><testcase classname="backend.tests.test_iter2_blocks.TestAdminPages" name="test_list_pages_includes_system" time="0.559" /><testcase classname="backend.tests.test_iter2_blocks.TestAdminPages" name="test_get_page_home" time="0.157" /><testcase classname="backend.tests.test_iter2_blocks.TestAdminPages" name="test_update_page_modifies_block_and_reflects_public" time="0.377" /><testcase classname="backend.tests.test_iter2_blocks.TestAdminPages" name="test_reorder_blocks" time="0.368" /><testcase classname="backend.tests.test_iter2_blocks.TestAdminPages" name="test_rich_text_sanitization" time="0.277" /><testcase classname="backend.tests.test_iter2_blocks.TestAdminPages" name="test_create_and_public_lookup_custom_page" time="0.235" /><testcase classname="backend.tests.test_iter2_blocks.TestAdminPages" name="test_delete_system_page_forbidden" time="0.154" /><testcase classname="backend.tests.test_iter2_blocks.TestAdminPages" name="test_delete_custom_page_ok" time="0.140" /><testcase classname="backend.tests.test_iter2_blocks.TestAdminPages" name="test_show_in_menu_page_in_nav" time="0.221" /><testcase classname="backend.tests.test_iter2_blocks.TestAdminDocuments" name="test_document_crud_flow" time="0.350" /><testcase classname="backend.tests.test_iter2_blocks.TestAdminTestimonials" name="test_testimonial_crud_flow" time="0.288" /></testsuite></testsuites>