<?xml version="1.0" encoding="utf-8"?><testsuites name="pytest tests"><testsuite name="pytest" errors="0" failures="0" skipped="0" tests="29" time="7.160" timestamp="2026-05-14T14:47:48.328171+00:00" hostname="agent-env-a59877a1-021f-4ba4-87e1-8108a88908c0"><testcase classname="backend.tests.test_aia_legnano" name="test_health_root" time="0.437" /><testcase classname="backend.tests.test_aia_legnano.TestAdminAuth" name="test_login_success" time="0.703" /><testcase classname="backend.tests.test_aia_legnano.TestAdminAuth" name="test_login_invalid" time="0.654" /><testcase classname="backend.tests.test_aia_legnano.TestAdminAuth" name="test_me_with_token" time="0.740" /><testcase classname="backend.tests.test_aia_legnano.TestAdminAuth" name="test_me_without_token" time="0.328" /><testcase classname="backend.tests.test_aia_legnano.TestAdminAuth" name="test_dashboard" time="0.120" /><testcase classname="backend.tests.test_aia_legnano.TestPublic" name="test_settings" time="0.085" /><testcase classname="backend.tests.test_aia_legnano.TestPublic" name="test_nav" time="0.100" /><testcase classname="backend.tests.test_aia_legnano.TestPublic" name="test_articles_list" time="0.083" /><testcase classname="backend.tests.test_aia_legnano.TestPublic" name="test_article_detail" time="0.086" /><testcase classname="backend.tests.test_aia_legnano.TestPublic" name="test_article_detail_404" time="0.073" /><testcase classname="backend.tests.test_aia_legnano.TestPublic" name="test_categories" time="0.074" /><testcase classname="backend.tests.test_aia_legnano.TestPublic" name="test_events_upcoming" time="0.085" /><testcase classname="backend.tests.test_aia_legnano.TestPublic" name="test_officials" time="0.077" /><testcase classname="backend.tests.test_aia_legnano.TestPublic" name="test_members_filter" time="0.074" /><testcase classname="backend.tests.test_aia_legnano.TestPublic" name="test_member_detail" time="0.158" /><testcase classname="backend.tests.test_aia_legnano.TestPublic" name="test_designations_role_filter" time="0.070" /><testcase classname="backend.tests.test_aia_legnano.TestPublic" name="test_stats" time="0.080" /><testcase classname="backend.tests.test_aia_legnano.TestForms" name="test_lead_create_and_appears_in_admin" time="0.362" /><testcase classname="backend.tests.test_aia_legnano.TestForms" name="test_contact_create" time="0.235" /><testcase classname="backend.tests.test_aia_legnano.TestAdminArticles" name="test_create_article_with_script_sanitized" time="0.077" /><testcase classname="backend.tests.test_aia_legnano.TestAdminArticles" name="test_get_article_via_public" time="0.079" /><testcase classname="backend.tests.test_aia_legnano.TestAdminArticles" name="test_update_article" time="0.153" /><testcase classname="backend.tests.test_aia_legnano.TestAdminArticles" name="test_delete_article" time="0.148" /><testcase classname="backend.tests.test_aia_legnano.TestAdminMisc" name="test_event_crud" time="0.222" /><testcase classname="backend.tests.test_aia_legnano.TestAdminMisc" name="test_official_crud" time="0.280" /><testcase classname="backend.tests.test_aia_legnano.TestAdminMisc" name="test_member_crud" time="0.216" /><testcase classname="backend.tests.test_aia_legnano.TestAdminMisc" name="test_designation_crud" time="0.219" /><testcase classname="backend.tests.test_aia_legnano.TestAdminSettings" name="test_settings_update_reflects_in_public" time="0.590" /></testsuite></testsuites>